<?xml version="1.0" encoding="UTF-8"?>
<!-- Generated by org.testng.reporters.JUnitReportReporter -->
<testsuite skipped="0" hostname="DESKTOP-O0R880F" name="TestCases.TC01_CheckLogin_P" tests="2" failures="0" timestamp="2023-02-13T02:44:40 AST" time="32.945" errors="0">
  <testcase name="CheckLogin" time="14.406" classname="TestCases.TC01_CheckLogin_P"/>
  <system-out/>
  <testcase name="CheckPayement" time="18.539" classname="TestCases.TC01_CheckLogin_P"/>
  <system-out/>
</testsuite> <!-- TestCases.TC01_CheckLogin_P -->
